<?xml version="1.0" encoding="UTF-8"?>
<!-- Generated by org.testng.reporters.JUnitXMLReporter -->
<testsuite ignored="0" hostname="DESKTOP-OHH6G2R" failures="0" tests="6" name="Default test" time="202.641" errors="0" timestamp="2023-04-12T15:44:10 IST">
  <testcase classname="testCase.TC01" name="verifyCookiesHandle" time="2.318"/>
  <testcase classname="testCase.TC01" name="verifyGetWindowHandle" time="4.07"/>
  <testcase classname="testCase.TC01" name="verifyLoginWithValidCredential" time="8.412"/>
  <testcase classname="testCase.TC01" name="verifyMouseHover" time="0.481"/>
  <testcase classname="testCase.TC01" name="verifyScrollDown" time="3.871"/>
  <testcase classname="testCase.TC01" name="verifyScrollUp" time="0.338"/>
</testsuite> <!-- Default test -->
