<?xml version="1.0" encoding="UTF-8"?>
<testng-results ignored="0" total="6" passed="6" failed="0" skipped="0">
  <reporter-output>
  </reporter-output>
  <suite started-at="2023-04-12T15:40:47 IST" name="Default suite" finished-at="2023-04-12T15:44:10 IST" duration-ms="202641">
    <groups>
    </groups>
    <test started-at="2023-04-12T15:40:47 IST" name="Default test" finished-at="2023-04-12T15:44:10 IST" duration-ms="202641">
      <class name="testCase.TC01">
        <test-method is-config="true" signature="BeforeMethod()[pri:0, instance:testCase.TC01@25fb8912]" started-at="2023-04-12T15:40:47 IST" name="BeforeMethod" finished-at="2023-04-12T15:41:40 IST" duration-ms="52368" status="PASS">
          <reporter-output>
          </reporter-output>
        </test-method> <!-- BeforeMethod -->
        <test-method signature="verifyCookiesHandle()[pri:0, instance:testCase.TC01@25fb8912]" started-at="2023-04-12T15:41:40 IST" name="verifyCookiesHandle" finished-at="2023-04-12T15:41:42 IST" duration-ms="2318" status="PASS">
          <reporter-output>
          </reporter-output>
        </test-method> <!-- verifyCookiesHandle -->
        <test-method is-config="true" signature="afterMethod()[pri:0, instance:testCase.TC01@25fb8912]" started-at="2023-04-12T15:41:42 IST" name="afterMethod" finished-at="2023-04-12T15:41:44 IST" duration-ms="2461" status="PASS">
          <reporter-output>
          </reporter-output>
        </test-method> <!-- afterMethod -->
        <test-method is-config="true" signature="BeforeMethod()[pri:0, instance:testCase.TC01@25fb8912]" started-at="2023-04-12T15:41:44 IST" name="BeforeMethod" finished-at="2023-04-12T15:42:16 IST" duration-ms="31890" status="PASS">
          <reporter-output>
          </reporter-output>
        </test-method> <!-- BeforeMethod -->
        <test-method signature="verifyGetWindowHandle()[pri:0, instance:testCase.TC01@25fb8912]" started-at="2023-04-12T15:42:16 IST" name="verifyGetWindowHandle" finished-at="2023-04-12T15:42:20 IST" duration-ms="4070" status="PASS">
          <reporter-output>
          </reporter-output>
        </test-method> <!-- verifyGetWindowHandle -->
        <test-method is-config="true" signature="afterMethod()[pri:0, instance:testCase.TC01@25fb8912]" started-at="2023-04-12T15:42:20 IST" name="afterMethod" finished-at="2023-04-12T15:42:22 IST" duration-ms="1401" status="PASS">
          <reporter-output>
          </reporter-output>
        </test-method> <!-- afterMethod -->
        <test-method is-config="true" signature="BeforeMethod()[pri:0, instance:testCase.TC01@25fb8912]" started-at="2023-04-12T15:42:22 IST" name="BeforeMethod" finished-at="2023-04-12T15:42:47 IST" duration-ms="24882" status="PASS">
          <reporter-output>
          </reporter-output>
        </test-method> <!-- BeforeMethod -->
        <test-method signature="verifyLoginWithValidCredential()[pri:0, instance:testCase.TC01@25fb8912]" started-at="2023-04-12T15:42:47 IST" name="verifyLoginWithValidCredential" finished-at="2023-04-12T15:42:55 IST" duration-ms="8412" status="PASS">
          <reporter-output>
          </reporter-output>
        </test-method> <!-- verifyLoginWithValidCredential -->
        <test-method is-config="true" signature="afterMethod()[pri:0, instance:testCase.TC01@25fb8912]" started-at="2023-04-12T15:42:55 IST" name="afterMethod" finished-at="2023-04-12T15:42:56 IST" duration-ms="646" status="PASS">
          <reporter-output>
          </reporter-output>
        </test-method> <!-- afterMethod -->
        <test-method is-config="true" signature="BeforeMethod()[pri:0, instance:testCase.TC01@25fb8912]" started-at="2023-04-12T15:42:56 IST" name="BeforeMethod" finished-at="2023-04-12T15:43:17 IST" duration-ms="21233" status="PASS">
          <reporter-output>
          </reporter-output>
        </test-method> <!-- BeforeMethod -->
        <test-method signature="verifyMouseHover()[pri:0, instance:testCase.TC01@25fb8912]" started-at="2023-04-12T15:43:17 IST" name="verifyMouseHover" finished-at="2023-04-12T15:43:17 IST" duration-ms="481" status="PASS">
          <reporter-output>
          </reporter-output>
        </test-method> <!-- verifyMouseHover -->
        <test-method is-config="true" signature="afterMethod()[pri:0, instance:testCase.TC01@25fb8912]" started-at="2023-04-12T15:43:17 IST" name="afterMethod" finished-at="2023-04-12T15:43:18 IST" duration-ms="1083" status="PASS">
          <reporter-output>
          </reporter-output>
        </test-method> <!-- afterMethod -->
        <test-method is-config="true" signature="BeforeMethod()[pri:0, instance:testCase.TC01@25fb8912]" started-at="2023-04-12T15:43:18 IST" name="BeforeMethod" finished-at="2023-04-12T15:43:38 IST" duration-ms="19207" status="PASS">
          <reporter-output>
          </reporter-output>
        </test-method> <!-- BeforeMethod -->
        <test-method signature="verifyScrollDown()[pri:0, instance:testCase.TC01@25fb8912]" started-at="2023-04-12T15:43:38 IST" name="verifyScrollDown" finished-at="2023-04-12T15:43:42 IST" duration-ms="3871" status="PASS">
          <reporter-output>
          </reporter-output>
        </test-method> <!-- verifyScrollDown -->
        <test-method is-config="true" signature="afterMethod()[pri:0, instance:testCase.TC01@25fb8912]" started-at="2023-04-12T15:43:42 IST" name="afterMethod" finished-at="2023-04-12T15:43:43 IST" duration-ms="969" status="PASS">
          <reporter-output>
          </reporter-output>
        </test-method> <!-- afterMethod -->
        <test-method is-config="true" signature="BeforeMethod()[pri:0, instance:testCase.TC01@25fb8912]" started-at="2023-04-12T15:43:43 IST" name="BeforeMethod" finished-at="2023-04-12T15:44:08 IST" duration-ms="25792" status="PASS">
          <reporter-output>
          </reporter-output>
        </test-method> <!-- BeforeMethod -->
        <test-method signature="verifyScrollUp()[pri:0, instance:testCase.TC01@25fb8912]" started-at="2023-04-12T15:44:08 IST" name="verifyScrollUp" finished-at="2023-04-12T15:44:09 IST" duration-ms="338" status="PASS">
          <reporter-output>
          </reporter-output>
        </test-method> <!-- verifyScrollUp -->
        <test-method is-config="true" signature="afterMethod()[pri:0, instance:testCase.TC01@25fb8912]" started-at="2023-04-12T15:44:09 IST" name="afterMethod" finished-at="2023-04-12T15:44:10 IST" duration-ms="999" status="PASS">
          <reporter-output>
          </reporter-output>
        </test-method> <!-- afterMethod -->
      </class> <!-- testCase.TC01 -->
    </test> <!-- Default test -->
  </suite> <!-- Default suite -->
</testng-results>
